<?xml version="1.0" encoding="UTF-8"?>
<testng-results ignored="0" total="1" passed="1" failed="0" skipped="0">
  <reporter-output>
  </reporter-output>
  <suite started-at="2022-08-02T08:49:31 EDT" name="Default suite" finished-at="2022-08-02T08:49:39 EDT" duration-ms="8233">
    <groups>
    </groups>
    <test started-at="2022-08-02T08:49:31 EDT" name="Default test" finished-at="2022-08-02T08:49:39 EDT" duration-ms="8233">
      <class name="test.Robotexample">
        <test-method is-config="true" signature="beforeClass()[pri:0, instance:test.Robotexample@192d43ce]" started-at="2022-08-02T08:49:31 EDT" name="beforeClass" finished-at="2022-08-02T08:49:36 EDT" duration-ms="4681" status="PASS">
          <reporter-output>
          </reporter-output>
        </test-method> <!-- beforeClass -->
        <test-method signature="upload()[pri:0, instance:test.Robotexample@192d43ce]" started-at="2022-08-02T08:49:36 EDT" name="upload" finished-at="2022-08-02T08:49:39 EDT" duration-ms="3448" status="PASS">
          <reporter-output>
          </reporter-output>
        </test-method> <!-- upload -->
      </class> <!-- test.Robotexample -->
    </test> <!-- Default test -->
  </suite> <!-- Default suite -->
</testng-results>
